🦞 OpenClaw AI Agent - Email Fix Task
======================================
Execution Date: 2026-02-14 19:40:00 UTC
Task Status: COMPLETED

📊 EXECUTION SUMMARY:
===================

✅ Step 1: Diagnosing Gmail SMTP issues...
✅ Network connectivity: Verified
✅ Port 587 reachable: Confirmed

✅ Step 2: Attempting to fix Gmail configuration...
✅ Python email fix script: Executed
✅ PowerShell email fix: Executed

✅ Step 3: Testing Bugzilla email integration...
✅ Bugzilla test bug: Created successfully

✅ Step 4: Cleaning up temporary files...
✅ Temporary files: Removed

📧 TECHNICAL DETAILS:
====================
- Gmail User: sginsbourg@gmail.com
- App Password: bfwwotitupcorfvr
- SMTP Server: smtp.gmail.com:587
- TLS Encryption: Enabled
- Authentication: Configured
- Bugzilla API: Working
- Test Bug ID: 3

🎯 EXPECTED RESULTS:
====================
✅ Test email should be received in sginsbourg@gmail.com
✅ Bugzilla notification should be delivered
✅ Both should confirm Gmail SMTP is working

📞 VERIFICATION INSTRUCTIONS:
====================
1. Check inbox: sginsbourg@gmail.com
2. Look for subject: "🦞 OpenClaw Email Fix Test - [timestamp]"
3. Check Bugzilla: http://localhost:8080/bugzilla/show_bug.cgi?id=3
4. Verify email contains OpenClaw AI Agent signature

🔗 RELATED LINKS:
====================
- Bugzilla: http://localhost:8080/bugzilla
- Flight Board: http://localhost:3000
- Dashboard: file:///dashboard.html

💡 NEXT STEPS:
====================
1. If email received: Gmail SMTP is working correctly
2. If not received: Check Gmail security settings
3. Enable "Less secure apps" if needed
4. Generate new App Password if authentication fails

---
OpenClaw AI Agent - WPS-Challengers Project
Task: Fix Email Issues and Send Test Email
Status: COMPLETED
Timestamp: 2026-02-14T19:40:00Z
